<?xml version="1.0" encoding="UTF-8"?>
<testng-results ignored="0" total="1" passed="1" failed="0" skipped="0">
  <reporter-output>
  </reporter-output>
  <suite started-at="2022-04-27T18:15:57 TRT" name="Default suite" finished-at="2022-04-27T18:16:32 TRT" duration-ms="35268">
    <groups>
    </groups>
    <test started-at="2022-04-27T18:15:57 TRT" name="Default test" finished-at="2022-04-27T18:16:32 TRT" duration-ms="35268">
      <class name="com.dsr.test.LoginTest">
        <test-method is-config="true" signature="setUp()[pri:0, instance:com.dsr.test.LoginTest@14555e0a]" started-at="2022-04-27T18:15:57 TRT" name="setUp" finished-at="2022-04-27T18:16:01 TRT" duration-ms="3708" status="PASS">
          <reporter-output>
          </reporter-output>
        </test-method> <!-- setUp -->
        <test-method signature="myLogin()[pri:0, instance:com.dsr.test.LoginTest@14555e0a]" started-at="2022-04-27T18:16:01 TRT" name="myLogin" finished-at="2022-04-27T18:16:32 TRT" duration-ms="31452" status="PASS">
          <reporter-output>
          </reporter-output>
        </test-method> <!-- myLogin -->
        <test-method is-config="true" signature="tearDown()[pri:0, instance:com.dsr.test.LoginTest@14555e0a]" started-at="2022-04-27T18:16:32 TRT" name="tearDown" finished-at="2022-04-27T18:16:32 TRT" duration-ms="78" status="PASS">
          <reporter-output>
          </reporter-output>
        </test-method> <!-- tearDown -->
      </class> <!-- com.dsr.test.LoginTest -->
    </test> <!-- Default test -->
  </suite> <!-- Default suite -->
</testng-results>
